This is pdfTeX, Version 3.1415926-2.4-1.40.13 (Web2C 2012) (format=pdflatex 2013.2.21)  18 OCT 2013 15:08
entering extended mode
 restricted \write18 enabled.
 %&-line parsing enabled.
**iain_walker_300212708_final_report.tex
(./iain_walker_300212708_final_report.tex
LaTeX2e <2011/06/27>
Babel <v3.8l> and hyphenation patterns for english, dumylang, nohyphenation, uk
rainian, turkish, swedish, spanish, slovenian, slovak, serbian, russian, romani
an, portuguese, polish, bokmal, nynorsk, latin, italian, irish, indonesian, ice
landic, hungarian, monogreek, greek, german, ngerman, french, finnish, estonian
, esperanto, dutch, danish, czech, croatian, catalan, bulgarian, basque, loaded
.
(/usr/pkg/share/texmf-dist/tex/latex/base/report.cls
Document Class: report 2007/10/19 v1.4h Standard LaTeX document class
(/usr/pkg/share/texmf-dist/tex/latex/base/size11.clo
File: size11.clo 2007/10/19 v1.4h Standard LaTeX file (size option)
)
\c@part=\count79
\c@chapter=\count80
\c@section=\count81
\c@subsection=\count82
\c@subsubsection=\count83
\c@paragraph=\count84
\c@subparagraph=\count85
\c@figure=\count86
\c@table=\count87
\abovecaptionskip=\skip41
\belowcaptionskip=\skip42
\bibindent=\dimen102
)
(/usr/pkg/share/texmf-dist/tex/latex/float/float.sty
Package: float 2001/11/08 v1.3d Float enhancements (AL)
\c@float@type=\count88
\float@exts=\toks14
\float@box=\box26
\@float@everytoks=\toks15
\@floatcapt=\box27
)
(/usr/pkg/share/texmf-dist/tex/latex/url/url.sty
\Urlmuskip=\muskip10
Package: url 2006/04/12  ver 3.3  Verb mode for urls, etc.
)
(/usr/pkg/share/texmf-dist/tex/latex/graphics/graphicx.sty
Package: graphicx 1999/02/16 v1.0f Enhanced LaTeX Graphics (DPC,SPQR)

(/usr/pkg/share/texmf-dist/tex/latex/graphics/keyval.sty
Package: keyval 1999/03/16 v1.13 key=value parser (DPC)
\KV@toks@=\toks16
)
(/usr/pkg/share/texmf-dist/tex/latex/graphics/graphics.sty
Package: graphics 2009/02/05 v1.0o Standard LaTeX Graphics (DPC,SPQR)

(/usr/pkg/share/texmf-dist/tex/latex/graphics/trig.sty
Package: trig 1999/03/16 v1.09 sin cos tan (DPC)
)
(/usr/pkg/share/texmf-dist/tex/latex/latexconfig/graphics.cfg
File: graphics.cfg 2010/04/23 v1.9 graphics configuration of TeX Live
)
Package graphics Info: Driver file: pdftex.def on input line 91.

(/usr/pkg/share/texmf-dist/tex/latex/pdftex-def/pdftex.def
File: pdftex.def 2011/05/27 v0.06d Graphics/color for pdfTeX

(/usr/pkg/share/texmf-dist/tex/generic/oberdiek/infwarerr.sty
Package: infwarerr 2010/04/08 v1.3 Providing info/warning/error messages (HO)
)
(/usr/pkg/share/texmf-dist/tex/generic/oberdiek/ltxcmds.sty
Package: ltxcmds 2011/11/09 v1.22 LaTeX kernel commands for general use (HO)
)
\Gread@gobject=\count89
))
\Gin@req@height=\dimen103
\Gin@req@width=\dimen104
)
(/usr/pkg/share/texmf-dist/tex/latex/rotating/rotating.sty
Package: rotating 2009/03/28 v2.16a rotated objects in LaTeX

(/usr/pkg/share/texmf-dist/tex/latex/base/ifthen.sty
Package: ifthen 2001/05/26 v1.1c Standard LaTeX ifthen package (DPC)
)
\c@r@tfl@t=\count90
\rotFPtop=\skip43
\rotFPbot=\skip44
\rot@float@box=\box28
\rot@mess@toks=\toks17
)
(/usr/pkg/share/texmf-dist/tex/latex/caption/subcaption.sty
Package: subcaption 2008/08/31 v1.0b Adding subcaptions (AR)


! Package subcaption Error: `caption' package not loaded
(subcaption)                (which is needed by this package)

See the subcaption package documentation for explanation.
Type  H <return>  for immediate help.
 ...                                              
                                                  
l.38   \endinput}{}
                   
If you do not understand this error, please take a closer look
at the documentation of the `subcaption' package.
Try typing  <return>  to proceed.
If that doesn't work, type  X <return>  to quit.

)
\@float@every@fig=\toks18
\c@fig=\count91
 (/vol/tex-local/tex/latex/local/vuwproject.sty
(/usr/pkg/share/texmf-dist/tex/latex/psnfss/mathpazo.sty
Package: mathpazo 2005/04/12 PSNFSS-v9.2a Palatino w/ Pazo Math (D.Puga, WaS) 
\symupright=\mathgroup4
)
VUW Honours reports modifications -- Mar 1995
Modified to handle different degrees 2003
Modified to handle duplex printing properly 2006
\@abstract=\box29
) (./iain_walker_300212708_final_report.aux (./acknowledge.aux)
(./introduction.aux) (./background.aux) (./project_management_approach.aux)
(./requirements_analysis.aux) (./scraper_implementation.aux

LaTeX Warning: Label `C:us' multiply defined.

) (./policy_implementation.aux

LaTeX Warning: Label `C:us' multiply defined.

) (./scraper_evaluation.aux

LaTeX Warning: Label `C:us' multiply defined.

) (./conclusion.aux

LaTeX Warning: Label `C:us' multiply defined.

) (./appendix_a.aux

LaTeX Warning: Label `C:us' multiply defined.


LaTeX Warning: Label `C:us' multiply defined.

))
\openout1 = `iain_walker_300212708_final_report.aux'.

LaTeX Font Info:    Checking defaults for OML/cmm/m/it on input line 62.
LaTeX Font Info:    ... okay on input line 62.
LaTeX Font Info:    Checking defaults for T1/cmr/m/n on input line 62.
LaTeX Font Info:    ... okay on input line 62.
LaTeX Font Info:    Checking defaults for OT1/cmr/m/n on input line 62.
LaTeX Font Info:    ... okay on input line 62.
LaTeX Font Info:    Checking defaults for OMS/cmsy/m/n on input line 62.
LaTeX Font Info:    ... okay on input line 62.
LaTeX Font Info:    Checking defaults for OMX/cmex/m/n on input line 62.
LaTeX Font Info:    ... okay on input line 62.
LaTeX Font Info:    Checking defaults for U/cmr/m/n on input line 62.
LaTeX Font Info:    ... okay on input line 62.
LaTeX Font Info:    Try loading font information for OT1+ppl on input line 62.
 (/usr/pkg/share/texmf-dist/tex/latex/psnfss/ot1ppl.fd
File: ot1ppl.fd 2001/06/04 font definitions for OT1/ppl.
)
(/usr/pkg/share/texmf-dist/tex/context/base/supp-pdf.mkii
[Loading MPS to PDF converter (version 2006.09.02).]
\scratchcounter=\count92
\scratchdimen=\dimen105
\scratchbox=\box30
\nofMPsegments=\count93
\nofMParguments=\count94
\everyMPshowfont=\toks19
\MPscratchCnt=\count95
\MPscratchDim=\dimen106
\MPnumerator=\count96
\makeMPintoPDFobject=\count97
\everyMPtoPDFconversion=\toks20
) (/usr/pkg/share/texmf-dist/tex/generic/oberdiek/pdftexcmds.sty
Package: pdftexcmds 2011/11/29 v0.20 Utility functions of pdfTeX for LuaTeX (HO
)

(/usr/pkg/share/texmf-dist/tex/generic/oberdiek/ifluatex.sty
Package: ifluatex 2010/03/01 v1.3 Provides the ifluatex switch (HO)
Package ifluatex Info: LuaTeX not detected.
)
(/usr/pkg/share/texmf-dist/tex/generic/oberdiek/ifpdf.sty
Package: ifpdf 2011/01/30 v2.3 Provides the ifpdf switch (HO)
Package ifpdf Info: pdfTeX in PDF mode is detected.
)
Package pdftexcmds Info: LuaTeX not detected.
Package pdftexcmds Info: \pdf@primitive is available.
Package pdftexcmds Info: \pdf@ifprimitive is available.
Package pdftexcmds Info: \pdfdraftmode found.
)
(/usr/pkg/share/texmf-dist/tex/latex/oberdiek/epstopdf-base.sty
Package: epstopdf-base 2010/02/09 v2.5 Base part for package epstopdf

(/usr/pkg/share/texmf-dist/tex/latex/oberdiek/grfext.sty
Package: grfext 2010/08/19 v1.1 Manage graphics extensions (HO)

(/usr/pkg/share/texmf-dist/tex/generic/oberdiek/kvdefinekeys.sty
Package: kvdefinekeys 2011/04/07 v1.3 Define keys (HO)
))
(/usr/pkg/share/texmf-dist/tex/latex/oberdiek/kvoptions.sty
Package: kvoptions 2011/06/30 v3.11 Key value format for package options (HO)

(/usr/pkg/share/texmf-dist/tex/generic/oberdiek/kvsetkeys.sty
Package: kvsetkeys 2012/04/25 v1.16 Key value parser (HO)

(/usr/pkg/share/texmf-dist/tex/generic/oberdiek/etexcmds.sty
Package: etexcmds 2011/02/16 v1.5 Avoid name clashes with e-TeX commands (HO)
Package etexcmds Info: Could not find \expanded.
(etexcmds)             That can mean that you are not using pdfTeX 1.50 or
(etexcmds)             that some package has redefined \expanded.
(etexcmds)             In the latter case, load this package earlier.
)))
Package grfext Info: Graphics extension search list:
(grfext)             [.png,.pdf,.jpg,.mps,.jpeg,.jbig2,.jb2,.PNG,.PDF,.JPG,.JPE
G,.JBIG2,.JB2,.eps]
(grfext)             \AppendGraphicsExtensions on input line 452.

(/usr/pkg/share/texmf-dist/tex/latex/latexconfig/epstopdf-sys.cfg
File: epstopdf-sys.cfg 2010/07/13 v1.3 Configuration of (r)epstopdf for TeX Liv
e
))
\big@size=\dimen107

Overfull \hbox (1.462pt too wide) in paragraph at lines 73--74
[]\OT1/ppl/m/n/10.95 Online rep-u-ta-tion has be-come in-creas-ingly im-por-tan
t as more so-cial and busi-
 []

LaTeX Font Info:    Try loading font information for OML+zplm on input line 81.

(/usr/pkg/share/texmf-dist/tex/latex/psnfss/omlzplm.fd
File: omlzplm.fd 2002/09/08 Fontinst v1.914 font definitions for OML/zplm.
)
LaTeX Font Info:    Try loading font information for OMS+zplm on input line 81.


(/usr/pkg/share/texmf-dist/tex/latex/psnfss/omszplm.fd
File: omszplm.fd 2002/09/08 Fontinst v1.914 font definitions for OMS/zplm.
)
LaTeX Font Info:    Try loading font information for OMX+zplm on input line 81.


(/usr/pkg/share/texmf-dist/tex/latex/psnfss/omxzplm.fd
File: omxzplm.fd 2002/09/08 Fontinst v1.914 font definitions for OMX/zplm.
)
LaTeX Font Info:    Try loading font information for OT1+zplm on input line 81.


(/usr/pkg/share/texmf-dist/tex/latex/psnfss/ot1zplm.fd
File: ot1zplm.fd 2002/09/08 Fontinst v1.914 font definitions for OT1/zplm.
)
LaTeX Font Info:    Font shape `OT1/ppl/bx/n' in size <17.28> not available
(Font)              Font shape `OT1/ppl/b/n' tried instead on input line 81.
LaTeX Font Info:    Font shape `OT1/ppl/bx/n' in size <10.95> not available
(Font)              Font shape `OT1/ppl/b/n' tried instead on input line 81.
 [-1

{/var/lib/texmf/fonts/map/pdftex/updmap/pdftex.map}] [0]
\openout2 = `acknowledge.aux'.

 (./acknowledge.tex
LaTeX Font Info:    Font shape `OT1/ppl/bx/n' in size <24.88> not available
(Font)              Font shape `OT1/ppl/b/n' tried instead on input line 1.
) [1



] [2


]
(./iain_walker_300212708_final_report.toc [3])
\tf@toc=\write3
\openout3 = `iain_walker_300212708_final_report.toc'.

 [4]
(./iain_walker_300212708_final_report.lof)
\tf@lof=\write4
\openout4 = `iain_walker_300212708_final_report.lof'.

 [5

] [6

]
\openout2 = `introduction.aux'.

 (./introduction.tex
Chapter 1.
LaTeX Font Info:    Font shape `OT1/ppl/bx/n' in size <20.74> not available
(Font)              Font shape `OT1/ppl/b/n' tried instead on input line 1.
LaTeX Font Info:    Font shape `OT1/ppl/bx/n' in size <14.4> not available
(Font)              Font shape `OT1/ppl/b/n' tried instead on input line 23.
[1


]) [2] [3]
\openout2 = `background.aux'.

 (./background.tex [4



]
Chapter 2.
LaTeX Font Info:    Try loading font information for OMS+ppl on input line 43.
(/usr/pkg/share/texmf-dist/tex/latex/psnfss/omsppl.fd
File: omsppl.fd 
)
LaTeX Font Info:    Font shape `OMS/ppl/m/n' in size <10.95> not available
(Font)              Font shape `OMS/cmsy/m/n' tried instead on input line 43.
 [5]
LaTeX Font Info:    Font shape `OT1/ppl/bx/n' in size <12> not available
(Font)              Font shape `OT1/ppl/b/n' tried instead on input line 73.
 [6]
Overfull \hbox (3.4804pt too wide) in paragraph at lines 90--96
\OT1/ppl/m/n/10.95 Studies have in-ves-ti-gated how pri-vate de-tails about per
-son-al-ity traits can be in-ferred through
 []


Overfull \hbox (3.96835pt too wide) in paragraph at lines 97--98
[]\OT1/ppl/m/n/10.95 While these stud-ies showed how pri-vate per-son-al-ity de
-tails can be in-ferred from publicly-
 []

[7] [8] [9] [10] <Images/klout.png, id=65, 803.0pt x 722.7pt>
File: Images/klout.png Graphic file (type png)

<use Images/klout.png>
Package pdftex.def Info: Images/klout.png used on input line 261.
(pdftex.def)             Requested size: 308.71104pt x 277.84888pt.
) [11 <./Images/klout.png>]
\openout2 = `project_management_approach.aux'.


(./project_management_approach.tex [12



]
Chapter 3.
[13]) [14]
\openout2 = `requirements_analysis.aux'.

 (./requirements_analysis.tex
Chapter 4.

Underfull \hbox (badness 10000) in paragraph at lines 34--35

 []


Underfull \hbox (badness 10000) in paragraph at lines 38--39

 []


Underfull \hbox (badness 10000) in paragraph at lines 44--45

 []


Underfull \hbox (badness 10000) in paragraph at lines 50--51

 []


Underfull \hbox (badness 10000) in paragraph at lines 54--55

 []

[15



]
Underfull \hbox (badness 10000) in paragraph at lines 60--61

 []


Underfull \hbox (badness 10000) in paragraph at lines 72--73

 []


Underfull \hbox (badness 10000) in paragraph at lines 82--83

 []


Underfull \hbox (badness 10000) in paragraph at lines 86--87

 []

) [16]
\openout2 = `scraper_implementation.aux'.

 (./scraper_implementation.tex
Chapter 5.
<Images/Database_Architecture.pdf, id=85, 722.7pt x 542.025pt>
File: Images/Database_Architecture.pdf Graphic file (type pdf)

<use Images/Database_Architecture.pdf>
Package pdftex.def Info: Images/Database_Architecture.pdf used on input line 37
.
(pdftex.def)             Requested size: 396.91324pt x 297.68459pt.


LaTeX Warning: `!h' float specifier changed to `!ht'.

[17



] <Images/xml_storage_arch_v2.pdf, id=90, 722.7pt x 542.025pt>
File: Images/xml_storage_arch_v2.pdf Graphic file (type pdf)

<use Images/xml_storage_arch_v2.pdf>
Package pdftex.def Info: Images/xml_storage_arch_v2.pdf used on input line 55.
(pdftex.def)             Requested size: 396.91324pt x 297.68459pt.


LaTeX Warning: `!h' float specifier changed to `!ht'.


Underfull \vbox (badness 2126) has occurred while \output is active []

 [18 <./Images/Database_Architecture.pdf>] [19 <./Images/xml_storage_arch_v2.pd
f>]
<Images/Implementation_Lifecycle.pdf, id=135, 722.7pt x 542.025pt>
File: Images/Implementation_Lifecycle.pdf Graphic file (type pdf)

<use Images/Implementation_Lifecycle.pdf>
Package pdftex.def Info: Images/Implementation_Lifecycle.pdf used on input line
 117.
(pdftex.def)             Requested size: 176.40439pt x 132.30518pt.


LaTeX Warning: `!h' float specifier changed to `!ht'.

[20] [21 <./Images/Implementation_Lifecycle.pdf>] [22] [23]) [24]
\openout2 = `policy_implementation.aux'.


(./policy_implementation.tex
Chapter 6.
<Images/retweets_vs_favourites.pdf, id=164, 953.81343pt x 563.85657pt>
File: Images/retweets_vs_favourites.pdf Graphic file (type pdf)

<use Images/retweets_vs_favourites.pdf>
Package pdftex.def Info: Images/retweets_vs_favourites.pdf used on input line 1
5.
(pdftex.def)             Requested size: 501.87683pt x 296.69162pt.

Overfull \hbox (60.85912pt too wide) in paragraph at lines 15--16
 [] 
 []

<Images/impact_distribution_histogram.pdf, id=165, 845.07718pt x 597.55246pt>
File: Images/impact_distribution_histogram.pdf Graphic file (type pdf)

<use Images/impact_distribution_histogram.pdf>
Package pdftex.def Info: Images/impact_distribution_histogram.pdf used on input
 line 41.
(pdftex.def)             Requested size: 501.87683pt x 354.87796pt.

Overfull \hbox (60.85912pt too wide) in paragraph at lines 41--42
 [] 
 []


LaTeX Warning: `!h' float specifier changed to `!ht'.

[25



]
Underfull \vbox (badness 10000) has occurred while \output is active []

 [26 <./Images/retweets_vs_favourites.pdf>]
<Images/barack_obama_monthly_impact.pdf, id=172, 845.07718pt x 597.55246pt>
File: Images/barack_obama_monthly_impact.pdf Graphic file (type pdf)

<use Images/barack_obama_monthly_impact.pdf>
Package pdftex.def Info: Images/barack_obama_monthly_impact.pdf used on input l
ine 60.
(pdftex.def)             Requested size: 501.87683pt x 354.87796pt.

Overfull \hbox (60.85912pt too wide) in paragraph at lines 60--61
 [] 
 []


LaTeX Warning: `!h' float specifier changed to `!ht'.


Overfull \hbox (29.07721pt too wide) in paragraph at lines 68--69
[]\OT1/ppl/m/n/10.95 To demon-strate this on an-other in-di-vid-ual, take Chris
 Had-field (Twit-ter name Cmdr[]Hadfield),
 []

<Images/chris_hadfield_monthly_impact.pdf, id=173, 845.07718pt x 597.55246pt>
File: Images/chris_hadfield_monthly_impact.pdf Graphic file (type pdf)

<use Images/chris_hadfield_monthly_impact.pdf>
Package pdftex.def Info: Images/chris_hadfield_monthly_impact.pdf used on input
 line 73.
(pdftex.def)             Requested size: 501.87683pt x 354.87796pt.

Overfull \hbox (60.85912pt too wide) in paragraph at lines 73--74
 [] 
 []


LaTeX Warning: `!h' float specifier changed to `!ht'.


Underfull \vbox (badness 10000) has occurred while \output is active []

 [27 <./Images/impact_distribution_histogram.pdf>]
Underfull \vbox (badness 1210) has occurred while \output is active []

 [28 <./Images/barack_obama_monthly_impact.pdf>]
<Images/steven_adams_followers.pdf, id=209, 402.50375pt x 334.24875pt>
File: Images/steven_adams_followers.pdf Graphic file (type pdf)

<use Images/steven_adams_followers.pdf>
Package pdftex.def Info: Images/steven_adams_followers.pdf used on input line 9
6.
(pdftex.def)             Requested size: 301.1261pt x 250.0637pt.


LaTeX Warning: `!h' float specifier changed to `!ht'.

[29 <./Images/chris_hadfield_monthly_impact.pdf>]
<Images/retweets_modules.pdf, id=231, 367.3725pt x 326.21875pt>
File: Images/retweets_modules.pdf Graphic file (type pdf)

<use Images/retweets_modules.pdf>
Package pdftex.def Info: Images/retweets_modules.pdf used on input line 111.
(pdftex.def)             Requested size: 146.94638pt x 130.48518pt.

<Images/retweets_source_nodes.pdf, id=232, 518.93875pt x 536.0025pt>
File: Images/retweets_source_nodes.pdf Graphic file (type pdf)

<use Images/retweets_source_nodes.pdf>
Package pdftex.def Info: Images/retweets_source_nodes.pdf used on input line 11
7.
(pdftex.def)             Requested size: 207.57182pt x 214.3972pt.

Overfull \hbox (9.1152pt too wide) in paragraph at lines 117--118
[][] 
 []

[30 <./Images/steven_adams_followers.pdf>] [31 <./Images/retweets_modules.pdf> 
<./Images/retweets_source_nodes.pdf>]) [32]
\openout2 = `scraper_evaluation.aux'.

 (./scraper_evaluation.tex
Chapter 7.

Underfull \hbox (badness 1490) in paragraph at lines 25--25
[]\OT1/ppl/b/n/10.95 Number of Fol-
 []


Underfull \hbox (badness 10000) in paragraph at lines 25--25
[]\OT1/ppl/b/n/10.95 Number of
 []


Underfull \hbox (badness 10000) in paragraph at lines 25--25
[]\OT1/ppl/b/n/10.95 Retweet counts
 []


Underfull \hbox (badness 10000) in paragraph at lines 25--25
[]\OT1/ppl/b/n/10.95 Retweeter
 []


Underfull \hbox (badness 3333) in paragraph at lines 25--25
[]\OT1/ppl/b/n/10.95 Tweet List
 []

[33



] [34]
<Images/scrape_performance_against_builds.pdf, id=260, 845.07718pt x 597.55246p
t>
File: Images/scrape_performance_against_builds.pdf Graphic file (type pdf)
 <use Images/scrape_performance_against_builds.pdf>
Package pdftex.def Info: Images/scrape_performance_against_builds.pdf used on i
nput line 70.
(pdftex.def)             Requested size: 501.87683pt x 354.87796pt.

Overfull \hbox (60.85912pt too wide) in paragraph at lines 70--71
 [][] 
 []


LaTeX Warning: `!h' float specifier changed to `!ht'.

[35]
<Images/Average_Time_To_Fetch_Profile.pdf, id=265, 845.07718pt x 597.55246pt>
File: Images/Average_Time_To_Fetch_Profile.pdf Graphic file (type pdf)

<use Images/Average_Time_To_Fetch_Profile.pdf>
Package pdftex.def Info: Images/Average_Time_To_Fetch_Profile.pdf used on input
 line 96.
(pdftex.def)             Requested size: 501.87683pt x 354.87796pt.

Overfull \hbox (60.85912pt too wide) in paragraph at lines 96--97
 [][] 
 []


LaTeX Warning: `!h' float specifier changed to `!ht'.


Underfull \vbox (badness 7540) has occurred while \output is active []

 [36 <./Images/scrape_performance_against_builds.pdf>]
Underfull \hbox (badness 1210) in paragraph at lines 135--135
[]\OT1/ppl/m/n/10.95 Fetch retweeter list. HTTP re-quest to fetch the
 []


Underfull \hbox (badness 10000) in paragraph at lines 138--138
[]\OT1/ppl/m/n/10.95 Fetch de-tailed tweet in-for-ma-tion. Retweets,
 []


LaTeX Warning: `!h' float specifier changed to `!ht'.

[37 <./Images/Average_Time_To_Fetch_Profile.pdf>]
<Images/failure_rate_and_reason.pdf, id=286, 845.07718pt x 597.55246pt>
File: Images/failure_rate_and_reason.pdf Graphic file (type pdf)

<use Images/failure_rate_and_reason.pdf>
Package pdftex.def Info: Images/failure_rate_and_reason.pdf used on input line 
169.
(pdftex.def)             Requested size: 501.87683pt x 354.87796pt.

Overfull \hbox (60.85912pt too wide) in paragraph at lines 169--170
 [][] 
 []


LaTeX Warning: `!h' float specifier changed to `!ht'.

) [38] [39 <./Images/failure_rate_and_reason.pdf>]
\openout2 = `conclusion.aux'.

 (./conclusion.tex [40



]
Chapter 8.
[41] [42]
Overfull \hbox (6.99066pt too wide) in paragraph at lines 107--108
[]\OT1/ppl/m/n/10.95 Further, small-world net-work anal-y-sis could be com-pare
d to com-mu-ni-ties de-tected within
 []

) [43] [44


] (./iain_walker_300212708_final_report.bbl [45

]
Underfull \hbox (badness 10000) in paragraph at lines 171--176
[]\OT1/ppl/m/sc/10.95 Lurie, I.  \OT1/ppl/m/n/10.95 How to:scrape search en-gin
es with-out piss-ing them
 []


Underfull \hbox (badness 10000) in paragraph at lines 171--176
\OT1/ppl/m/n/10.95 off.  $\OT1/cmtt/m/n/10.95 http : / / searchnewscentral . co
m / 20110928186 / General-[]SEO /
 []

[46]
Underfull \hbox (badness 10000) in paragraph at lines 212--217
[]\OT1/ppl/m/sc/10.95 Wadwha, T.  \OT1/ppl/m/n/10.95 Lessons from crowd-sourc-i
ng the boston bomb-ing in-
 []


Underfull \hbox (badness 10000) in paragraph at lines 212--217
\OT1/ppl/m/n/10.95 ves-ti-ga-tion.  $\OT1/cmtt/m/n/10.95 http : / / www . forbe
s . com / sites / tarunwadhwa / 2013 / 04 / 22 /
 []


Underfull \hbox (badness 10000) in paragraph at lines 212--217
\OT1/cmtt/m/n/10.95 lessons-[]from-[]crowdsourcing-[]the-[]boston-[]marathon-[]
bombings-[]investigation/$\OT1/ppl/m/n/10.95 ,
 []

) [47]
\openout2 = `appendix_a.aux'.

 (./appendix_a.tex [48


]
Appendix A.

Overfull \hbox (18.8773pt too wide) in paragraph at lines 52--52
[]\OT1/cmtt/m/n/10.95 <xsd:element name="name" minOccurs="0" maxOccurs="unbound
ed" type="xsd:string"/>[] 
 []

[49]
Overfull \hbox (24.62599pt too wide) in paragraph at lines 91--91
[]\OT1/cmtt/m/n/10.95 <xsd:element name="skill" minOccurs="0" maxOccurs="unboun
ded" type="xsd:string"/>[] 
 []


Overfull \hbox (1.63124pt too wide) in paragraph at lines 91--91
[]\OT1/cmtt/m/n/10.95 <xsd:attribute name="num_skills" type="xsd:positiveIntege
r" use="mandatory"/>[] 
 []


Overfull \hbox (24.62599pt too wide) in paragraph at lines 91--91
[]\OT1/cmtt/m/n/10.95 <xsd:element name="group" minOccurs="0" maxOccurs="unboun
ded" type="xsd:string"/>[] 
 []


Overfull \hbox (1.63124pt too wide) in paragraph at lines 91--91
[]\OT1/cmtt/m/n/10.95 <xsd:attribute name="num_groups" type="xsd:positiveIntege
r" use="mandatory"/>[] 
 []

[50]
Appendix B.

<Images/average_time_to_fetch_parse_tweets_per_build.pdf, id=336, 597.23125pt x
 845.1575pt>
File: Images/average_time_to_fetch_parse_tweets_per_build.pdf Graphic file (typ
e pdf)
 <use Images/average_time_to_fetch_parse_tweets_per_build.pdf>
Package pdftex.def Info: Images/average_time_to_fetch_parse_tweets_per_build.pd
f used on input line 105.
(pdftex.def)             Requested size: 501.87683pt x 710.22408pt.

Overfull \hbox (60.85912pt too wide) in paragraph at lines 105--106
 [][] 
 []


LaTeX Warning: Float too large for page by 54.04578pt on input line 107.


LaTeX Warning: `!h' float specifier changed to `!ht'.


Underfull \hbox (badness 10000) in paragraph at lines 112--113

 []


Underfull \hbox (badness 10000) in paragraph at lines 116--117

 []

) [51

] [52] [53 <./Images/average_time_to_fetch_parse_tweets_per_build.pdf>]
(./iain_walker_300212708_final_report.aux (./acknowledge.aux)
(./introduction.aux) (./background.aux) (./project_management_approach.aux)
(./requirements_analysis.aux) (./scraper_implementation.aux)
(./policy_implementation.aux) (./scraper_evaluation.aux) (./conclusion.aux)
(./appendix_a.aux))

LaTeX Warning: There were multiply-defined labels.

 ) 
Here is how much of TeX's memory you used:
 2255 strings out of 494071
 34238 string characters out of 3160406
 100884 words of memory out of 3000000
 5353 multiletter control sequences out of 15000+200000
 36575 words of font info for 90 fonts, out of 3000000 for 9000
 648 hyphenation exceptions out of 8191
 38i,13n,23p,1206b,323s stack positions out of 5000i,500n,10000p,200000b,50000s
{/usr/pkg/share/texmf-dist/fonts/enc/dvips/base/8r.enc}</usr/pkg/share/texmf-
dist/fonts/type1/public/amsfonts/cm/cmsy10.pfb></usr/pkg/share/texmf-dist/fonts
/type1/public/amsfonts/cm/cmtt10.pfb></usr/pkg/share/texmf-dist/fonts/type1/urw
/palatino/uplb8a.pfb></usr/pkg/share/texmf-dist/fonts/type1/urw/palatino/uplr8a
.pfb></usr/pkg/share/texmf-dist/fonts/type1/urw/palatino/uplri8a.pfb></usr/pkg/
share/texmf-dist/fonts/type1/vuw/vuw20.pfb>
Output written on iain_walker_300212708_final_report.pdf (61 pages, 1456050 byt
es).
PDF statistics:
 380 PDF objects out of 1000 (max. 8388607)
 262 compressed objects within 3 object streams
 0 named destinations out of 1000 (max. 500000)
 76 words of extra memory for PDF output out of 10000 (max. 10000000)

