This is pdfTeX, Version 3.1415926-2.4-1.40.13 (Web2C 2012) (format=pdflatex 2013.2.21)  14 OCT 2013 22:42
entering extended mode
 restricted \write18 enabled.
 %&-line parsing enabled.
**proj_report_outline.tex
(./proj_report_outline.tex
LaTeX2e <2011/06/27>
Babel <v3.8l> and hyphenation patterns for english, dumylang, nohyphenation, uk
rainian, turkish, swedish, spanish, slovenian, slovak, serbian, russian, romani
an, portuguese, polish, bokmal, nynorsk, latin, italian, irish, indonesian, ice
landic, hungarian, monogreek, greek, german, ngerman, french, finnish, estonian
, esperanto, dutch, danish, czech, croatian, catalan, bulgarian, basque, loaded
.
(/usr/pkg/share/texmf-dist/tex/latex/base/report.cls
Document Class: report 2007/10/19 v1.4h Standard LaTeX document class
(/usr/pkg/share/texmf-dist/tex/latex/base/size11.clo
File: size11.clo 2007/10/19 v1.4h Standard LaTeX file (size option)
)
\c@part=\count79
\c@chapter=\count80
\c@section=\count81
\c@subsection=\count82
\c@subsubsection=\count83
\c@paragraph=\count84
\c@subparagraph=\count85
\c@figure=\count86
\c@table=\count87
\abovecaptionskip=\skip41
\belowcaptionskip=\skip42
\bibindent=\dimen102
)
(/usr/pkg/share/texmf-dist/tex/latex/float/float.sty
Package: float 2001/11/08 v1.3d Float enhancements (AL)
\c@float@type=\count88
\float@exts=\toks14
\float@box=\box26
\@float@everytoks=\toks15
\@floatcapt=\box27
)
(/usr/pkg/share/texmf-dist/tex/latex/url/url.sty
\Urlmuskip=\muskip10
Package: url 2006/04/12  ver 3.3  Verb mode for urls, etc.
)
(/usr/pkg/share/texmf-dist/tex/latex/graphics/graphicx.sty
Package: graphicx 1999/02/16 v1.0f Enhanced LaTeX Graphics (DPC,SPQR)

(/usr/pkg/share/texmf-dist/tex/latex/graphics/keyval.sty
Package: keyval 1999/03/16 v1.13 key=value parser (DPC)
\KV@toks@=\toks16
)
(/usr/pkg/share/texmf-dist/tex/latex/graphics/graphics.sty
Package: graphics 2009/02/05 v1.0o Standard LaTeX Graphics (DPC,SPQR)

(/usr/pkg/share/texmf-dist/tex/latex/graphics/trig.sty
Package: trig 1999/03/16 v1.09 sin cos tan (DPC)
)
(/usr/pkg/share/texmf-dist/tex/latex/latexconfig/graphics.cfg
File: graphics.cfg 2010/04/23 v1.9 graphics configuration of TeX Live
)
Package graphics Info: Driver file: pdftex.def on input line 91.

(/usr/pkg/share/texmf-dist/tex/latex/pdftex-def/pdftex.def
File: pdftex.def 2011/05/27 v0.06d Graphics/color for pdfTeX

(/usr/pkg/share/texmf-dist/tex/generic/oberdiek/infwarerr.sty
Package: infwarerr 2010/04/08 v1.3 Providing info/warning/error messages (HO)
)
(/usr/pkg/share/texmf-dist/tex/generic/oberdiek/ltxcmds.sty
Package: ltxcmds 2011/11/09 v1.22 LaTeX kernel commands for general use (HO)
)
\Gread@gobject=\count89
))
\Gin@req@height=\dimen103
\Gin@req@width=\dimen104
)
(/usr/pkg/share/texmf-dist/tex/latex/rotating/rotating.sty
Package: rotating 2009/03/28 v2.16a rotated objects in LaTeX

(/usr/pkg/share/texmf-dist/tex/latex/base/ifthen.sty
Package: ifthen 2001/05/26 v1.1c Standard LaTeX ifthen package (DPC)
)
\c@r@tfl@t=\count90
\rotFPtop=\skip43
\rotFPbot=\skip44
\rot@float@box=\box28
\rot@mess@toks=\toks17
)
\@float@every@fig=\toks18
\c@fig=\count91

(/vol/tex-local/tex/latex/local/vuwproject.sty
(/usr/pkg/share/texmf-dist/tex/latex/psnfss/mathpazo.sty
Package: mathpazo 2005/04/12 PSNFSS-v9.2a Palatino w/ Pazo Math (D.Puga, WaS) 
\symupright=\mathgroup4
)
VUW Honours reports modifications -- Mar 1995
Modified to handle different degrees 2003
Modified to handle duplex printing properly 2006
\@abstract=\box29
) (./proj_report_outline.aux (./acknowledge.aux) (./introduction.aux)
(./background.aux

LaTeX Warning: Label `C:us' multiply defined.

) (./project_management_approach.aux

LaTeX Warning: Label `C:us' multiply defined.

) (./requirements_analysis.aux

LaTeX Warning: Label `C:us' multiply defined.

) (./scraper_implementation.aux

LaTeX Warning: Label `C:us' multiply defined.

) (./policy_implementation.aux

LaTeX Warning: Label `C:us' multiply defined.

) (./scraper_evaluation.aux

LaTeX Warning: Label `C:us' multiply defined.

) (./conclusion.aux

LaTeX Warning: Label `C:us' multiply defined.

) (./appendix.aux

LaTeX Warning: Label `C:us' multiply defined.

))
\openout1 = `proj_report_outline.aux'.

LaTeX Font Info:    Checking defaults for OML/cmm/m/it on input line 59.
LaTeX Font Info:    ... okay on input line 59.
LaTeX Font Info:    Checking defaults for T1/cmr/m/n on input line 59.
LaTeX Font Info:    ... okay on input line 59.
LaTeX Font Info:    Checking defaults for OT1/cmr/m/n on input line 59.
LaTeX Font Info:    ... okay on input line 59.
LaTeX Font Info:    Checking defaults for OMS/cmsy/m/n on input line 59.
LaTeX Font Info:    ... okay on input line 59.
LaTeX Font Info:    Checking defaults for OMX/cmex/m/n on input line 59.
LaTeX Font Info:    ... okay on input line 59.
LaTeX Font Info:    Checking defaults for U/cmr/m/n on input line 59.
LaTeX Font Info:    ... okay on input line 59.
LaTeX Font Info:    Try loading font information for OT1+ppl on input line 59.
 (/usr/pkg/share/texmf-dist/tex/latex/psnfss/ot1ppl.fd
File: ot1ppl.fd 2001/06/04 font definitions for OT1/ppl.
)
(/usr/pkg/share/texmf-dist/tex/context/base/supp-pdf.mkii
[Loading MPS to PDF converter (version 2006.09.02).]
\scratchcounter=\count92
\scratchdimen=\dimen105
\scratchbox=\box30
\nofMPsegments=\count93
\nofMParguments=\count94
\everyMPshowfont=\toks19
\MPscratchCnt=\count95
\MPscratchDim=\dimen106
\MPnumerator=\count96
\makeMPintoPDFobject=\count97
\everyMPtoPDFconversion=\toks20
) (/usr/pkg/share/texmf-dist/tex/generic/oberdiek/pdftexcmds.sty
Package: pdftexcmds 2011/11/29 v0.20 Utility functions of pdfTeX for LuaTeX (HO
)

(/usr/pkg/share/texmf-dist/tex/generic/oberdiek/ifluatex.sty
Package: ifluatex 2010/03/01 v1.3 Provides the ifluatex switch (HO)
Package ifluatex Info: LuaTeX not detected.
)
(/usr/pkg/share/texmf-dist/tex/generic/oberdiek/ifpdf.sty
Package: ifpdf 2011/01/30 v2.3 Provides the ifpdf switch (HO)
Package ifpdf Info: pdfTeX in PDF mode is detected.
)
Package pdftexcmds Info: LuaTeX not detected.
Package pdftexcmds Info: \pdf@primitive is available.
Package pdftexcmds Info: \pdf@ifprimitive is available.
Package pdftexcmds Info: \pdfdraftmode found.
)
(/usr/pkg/share/texmf-dist/tex/latex/oberdiek/epstopdf-base.sty
Package: epstopdf-base 2010/02/09 v2.5 Base part for package epstopdf

(/usr/pkg/share/texmf-dist/tex/latex/oberdiek/grfext.sty
Package: grfext 2010/08/19 v1.1 Manage graphics extensions (HO)

(/usr/pkg/share/texmf-dist/tex/generic/oberdiek/kvdefinekeys.sty
Package: kvdefinekeys 2011/04/07 v1.3 Define keys (HO)
))
(/usr/pkg/share/texmf-dist/tex/latex/oberdiek/kvoptions.sty
Package: kvoptions 2011/06/30 v3.11 Key value format for package options (HO)

(/usr/pkg/share/texmf-dist/tex/generic/oberdiek/kvsetkeys.sty
Package: kvsetkeys 2012/04/25 v1.16 Key value parser (HO)

(/usr/pkg/share/texmf-dist/tex/generic/oberdiek/etexcmds.sty
Package: etexcmds 2011/02/16 v1.5 Avoid name clashes with e-TeX commands (HO)
Package etexcmds Info: Could not find \expanded.
(etexcmds)             That can mean that you are not using pdfTeX 1.50 or
(etexcmds)             that some package has redefined \expanded.
(etexcmds)             In the latter case, load this package earlier.
)))
Package grfext Info: Graphics extension search list:
(grfext)             [.png,.pdf,.jpg,.mps,.jpeg,.jbig2,.jb2,.PNG,.PDF,.JPG,.JPE
G,.JBIG2,.JB2,.eps]
(grfext)             \AppendGraphicsExtensions on input line 452.

(/usr/pkg/share/texmf-dist/tex/latex/latexconfig/epstopdf-sys.cfg
File: epstopdf-sys.cfg 2010/07/13 v1.3 Configuration of (r)epstopdf for TeX Liv
e
))
\big@size=\dimen107

Overfull \hbox (1.462pt too wide) in paragraph at lines 70--71
[]\OT1/ppl/m/n/10.95 Online rep-u-ta-tion has be-come in-creas-ingly im-por-tan
t as more so-cial and busi-
 []

LaTeX Font Info:    Try loading font information for OML+zplm on input line 76.

(/usr/pkg/share/texmf-dist/tex/latex/psnfss/omlzplm.fd
File: omlzplm.fd 2002/09/08 Fontinst v1.914 font definitions for OML/zplm.
)
LaTeX Font Info:    Try loading font information for OMS+zplm on input line 76.


(/usr/pkg/share/texmf-dist/tex/latex/psnfss/omszplm.fd
File: omszplm.fd 2002/09/08 Fontinst v1.914 font definitions for OMS/zplm.
)
LaTeX Font Info:    Try loading font information for OMX+zplm on input line 76.


(/usr/pkg/share/texmf-dist/tex/latex/psnfss/omxzplm.fd
File: omxzplm.fd 2002/09/08 Fontinst v1.914 font definitions for OMX/zplm.
)
LaTeX Font Info:    Try loading font information for OT1+zplm on input line 76.


(/usr/pkg/share/texmf-dist/tex/latex/psnfss/ot1zplm.fd
File: ot1zplm.fd 2002/09/08 Fontinst v1.914 font definitions for OT1/zplm.
)
LaTeX Font Info:    Font shape `OT1/ppl/bx/n' in size <17.28> not available
(Font)              Font shape `OT1/ppl/b/n' tried instead on input line 76.
LaTeX Font Info:    Font shape `OT1/ppl/bx/n' in size <10.95> not available
(Font)              Font shape `OT1/ppl/b/n' tried instead on input line 76.
 [-1

{/var/lib/texmf/fonts/map/pdftex/updmap/pdftex.map}] [0]
\openout2 = `acknowledge.aux'.

 (./acknowledge.tex
LaTeX Font Info:    Font shape `OT1/ppl/bx/n' in size <24.88> not available
(Font)              Font shape `OT1/ppl/b/n' tried instead on input line 1.
) [1



] [2


]
(./proj_report_outline.toc [3])
\tf@toc=\write3
\openout3 = `proj_report_outline.toc'.

 [4] (./proj_report_outline.lof)
\tf@lof=\write4
\openout4 = `proj_report_outline.lof'.

 [5

] [6

]
\openout2 = `introduction.aux'.


(./introduction.tex
Chapter 1.
LaTeX Font Info:    Font shape `OT1/ppl/bx/n' in size <20.74> not available
(Font)              Font shape `OT1/ppl/b/n' tried instead on input line 1.
LaTeX Font Info:    Font shape `OT1/ppl/bx/n' in size <14.4> not available
(Font)              Font shape `OT1/ppl/b/n' tried instead on input line 17.
[1


]) [2]
\openout2 = `background.aux'.

 (./background.tex
Chapter 2.
LaTeX Font Info:    Try loading font information for OMS+ppl on input line 39.
(/usr/pkg/share/texmf-dist/tex/latex/psnfss/omsppl.fd
File: omsppl.fd 
)
LaTeX Font Info:    Font shape `OMS/ppl/m/n' in size <10.95> not available
(Font)              Font shape `OMS/cmsy/m/n' tried instead on input line 39.
 [3



]
LaTeX Font Info:    Font shape `OT1/ppl/bx/n' in size <12> not available
(Font)              Font shape `OT1/ppl/b/n' tried instead on input line 65.

Underfull \vbox (badness 10000) has occurred while \output is active []

 [4]
Overfull \hbox (12.71178pt too wide) in paragraph at lines 80--82
\OT1/ppl/m/n/10.95 havioural anal-y-sis of in-di-vid-u-als on so-cial me-dia. T
hese stud-ies have taken both a behavioural-
 []


LaTeX Warning: Citation `bollen2011twitter' on page 5 undefined on input line 8
9.

[5]

LaTeX Warning: Citation `ginsberg2008detecting' on page 6 undefined on input li
ne 91.


LaTeX Warning: Citation `josang2007survey' on page 6 undefined on input line 12
6.

[6] [7] [8] <Images/klout.png, id=59, 803.0pt x 722.7pt>
File: Images/klout.png Graphic file (type png)

<use Images/klout.png>
Package pdftex.def Info: Images/klout.png used on input line 233.
(pdftex.def)             Requested size: 308.71104pt x 277.84888pt.
) [9 <./Images/klout.png>] [10]
\openout2 = `project_management_approach.aux'.


(./project_management_approach.tex
Chapter 3.
[11



]) [12]
\openout2 = `requirements_analysis.aux'.

 (./requirements_analysis.tex
Chapter 4.
[13



]) [14]
\openout2 = `scraper_implementation.aux'.

 (./scraper_implementation.tex
Chapter 5.
<Images/Database_Architecture.pdf, id=79, 722.7pt x 542.025pt>
File: Images/Database_Architecture.pdf Graphic file (type pdf)

<use Images/Database_Architecture.pdf>
Package pdftex.def Info: Images/Database_Architecture.pdf used on input line 37
.
(pdftex.def)             Requested size: 396.91324pt x 297.68459pt.


LaTeX Warning: `!h' float specifier changed to `!ht'.

[15



] <Images/xml_storage_arch_v2.pdf, id=83, 722.7pt x 542.025pt>
File: Images/xml_storage_arch_v2.pdf Graphic file (type pdf)

<use Images/xml_storage_arch_v2.pdf>
Package pdftex.def Info: Images/xml_storage_arch_v2.pdf used on input line 54.
(pdftex.def)             Requested size: 396.91324pt x 297.68459pt.


LaTeX Warning: `!h' float specifier changed to `!ht'.

[16 <./Images/Database_Architecture.pdf>]

LaTeX Warning: Citation `GRAft' on page 17 undefined on input line 68.

[17 <./Images/xml_storage_arch_v2.pdf>] [18]
<Images/Implementation_Lifecycle.pdf, id=132, 722.7pt x 542.025pt>
File: Images/Implementation_Lifecycle.pdf Graphic file (type pdf)

<use Images/Implementation_Lifecycle.pdf>
Package pdftex.def Info: Images/Implementation_Lifecycle.pdf used on input line
 119.
(pdftex.def)             Requested size: 176.40439pt x 132.30518pt.
 [19 <./Images/Implementation_Lifecycle.pdf>]
Overfull \hbox (41.87206pt too wide) in paragraph at lines 156--156
[] \OT1/cmtt/m/n/10.95 /timeline/with_replies?include_available_features=1&incl
ude_entities=1&max_id=12345[] 
 []

[20] [21]) [22]
\openout2 = `policy_implementation.aux'.

 (./policy_implementation.tex
Chapter 6.
<Images/retweets_vs_favourites.pdf, id=156, 953.81343pt x 563.85657pt>
File: Images/retweets_vs_favourites.pdf Graphic file (type pdf)

<use Images/retweets_vs_favourites.pdf>
Package pdftex.def Info: Images/retweets_vs_favourites.pdf used on input line 3
1.
(pdftex.def)             Requested size: 501.87683pt x 296.69162pt.

Overfull \hbox (60.85912pt too wide) in paragraph at lines 31--32
 [] 
 []


LaTeX Warning: `!h' float specifier changed to `!ht'.

[23



]
<Images/impact_distribution_histogram.pdf, id=162, 845.07718pt x 597.55246pt>
File: Images/impact_distribution_histogram.pdf Graphic file (type pdf)

<use Images/impact_distribution_histogram.pdf>
Package pdftex.def Info: Images/impact_distribution_histogram.pdf used on input
 line 47.
(pdftex.def)             Requested size: 501.87683pt x 354.87796pt.

Overfull \hbox (60.85912pt too wide) in paragraph at lines 47--48
 [] 
 []


LaTeX Warning: `!h' float specifier changed to `!ht'.


Underfull \vbox (badness 10000) has occurred while \output is active []

 [24 <./Images/retweets_vs_favourites.pdf>]
<Images/barack_obama_monthly_impact.pdf, id=166, 845.07718pt x 597.55246pt>
File: Images/barack_obama_monthly_impact.pdf Graphic file (type pdf)

<use Images/barack_obama_monthly_impact.pdf>
Package pdftex.def Info: Images/barack_obama_monthly_impact.pdf used on input l
ine 65.
(pdftex.def)             Requested size: 501.87683pt x 354.87796pt.

Overfull \hbox (60.85912pt too wide) in paragraph at lines 65--66
 [] 
 []


LaTeX Warning: `!h' float specifier changed to `!ht'.


Overfull \hbox (29.07721pt too wide) in paragraph at lines 72--73
[]\OT1/ppl/m/n/10.95 To demon-strate this on an-other in-di-vid-ual, take Chris
 Had-field (Twit-ter name Cmdr[]Hadfield),
 []

<Images/chris_hadfield_monthly_impact.pdf, id=167, 845.07718pt x 597.55246pt>
File: Images/chris_hadfield_monthly_impact.pdf Graphic file (type pdf)

<use Images/chris_hadfield_monthly_impact.pdf>
Package pdftex.def Info: Images/chris_hadfield_monthly_impact.pdf used on input
 line 77.
(pdftex.def)             Requested size: 501.87683pt x 354.87796pt.

Overfull \hbox (60.85912pt too wide) in paragraph at lines 77--78
 [] 
 []


LaTeX Warning: `!h' float specifier changed to `!ht'.


Underfull \vbox (badness 10000) has occurred while \output is active []

 [25 <./Images/impact_distribution_histogram.pdf>] [26 <./Images/barack_obama_m
onthly_impact.pdf>]
<Images/steven_adams_followers.pdf, id=203, 402.50375pt x 334.24875pt>
File: Images/steven_adams_followers.pdf Graphic file (type pdf)

<use Images/steven_adams_followers.pdf>
Package pdftex.def Info: Images/steven_adams_followers.pdf used on input line 1
05.
(pdftex.def)             Requested size: 301.1261pt x 250.0637pt.


LaTeX Warning: `!h' float specifier changed to `!ht'.

[27 <./Images/chris_hadfield_monthly_impact.pdf>] [28 <./Images/steven_adams_fo
llowers.pdf>] [29]) [30]
\openout2 = `scraper_evaluation.aux'.

 (./scraper_evaluation.tex
Chapter 7.

Underfull \hbox (badness 1490) in paragraph at lines 24--24
[]\OT1/ppl/b/n/10.95 Number of Fol-
 []


Underfull \hbox (badness 10000) in paragraph at lines 24--24
[]\OT1/ppl/b/n/10.95 Number of
 []


Underfull \hbox (badness 10000) in paragraph at lines 24--24
[]\OT1/ppl/b/n/10.95 Retweet counts
 []


Underfull \hbox (badness 10000) in paragraph at lines 24--24
[]\OT1/ppl/b/n/10.95 Retweeter
 []


Underfull \hbox (badness 3333) in paragraph at lines 24--24
[]\OT1/ppl/b/n/10.95 Tweet List
 []

[31



] [32]
<Images/scrape_performance_against_builds.pdf, id=244, 845.07718pt x 597.55246p
t>
File: Images/scrape_performance_against_builds.pdf Graphic file (type pdf)
 <use Images/scrape_performance_against_builds.pdf>
Package pdftex.def Info: Images/scrape_performance_against_builds.pdf used on i
nput line 66.
(pdftex.def)             Requested size: 401.50146pt x 283.90419pt.


LaTeX Warning: `!h' float specifier changed to `!ht'.

[33]
Underfull \hbox (badness 1910) in paragraph at lines 105--105
[]\OT1/ppl/m/n/10.95 Google Twit-ter Search - re-trieve
 []


Underfull \hbox (badness 5217) in paragraph at lines 107--107
\OT1/ppl/m/n/10.95 Retweets, favourites, favourites,
 []


LaTeX Warning: `!h' float specifier changed to `!ht'.


Underfull \vbox (badness 6396) has occurred while \output is active []

 [34 <./Images/scrape_performance_against_builds.pdf>]
<Images/failure_rate_and_reason.pdf, id=258, 845.07718pt x 597.55246pt>
File: Images/failure_rate_and_reason.pdf Graphic file (type pdf)

<use Images/failure_rate_and_reason.pdf>
Package pdftex.def Info: Images/failure_rate_and_reason.pdf used on input line 
139.
(pdftex.def)             Requested size: 401.50146pt x 283.90419pt.


LaTeX Warning: `!h' float specifier changed to `!ht'.

) [35] [36 <./Images/failure_rate_and_reason.pdf>]
\openout2 = `conclusion.aux'.

 (./conclusion.tex
Chapter 8.

Underfull \hbox (badness 10000) in paragraph at lines 3--4

 []

[37



]
Overfull \hbox (6.99066pt too wide) in paragraph at lines 28--29
[]\OT1/ppl/m/n/10.95 Further, small-world net-work anal-y-sis could be com-pare
d to com-mu-ni-ties de-tected within
 []

) [38] (./proj_report_outline.bbl [39



]
Underfull \hbox (badness 10000) in paragraph at lines 173--178
[]\OT1/ppl/m/sc/10.95 Lurie, I.  \OT1/ppl/m/n/10.95 How to:scrape search en-gin
es with-out piss-ing them
 []


Underfull \hbox (badness 10000) in paragraph at lines 173--178
\OT1/ppl/m/n/10.95 off.  $\OT1/cmtt/m/n/10.95 http : / / searchnewscentral . co
m / 20110928186 / General-[]SEO /
 []

[40]
Underfull \hbox (badness 2197) in paragraph at lines 227--232
[]\OT1/ppl/m/sc/10.95 Stelzner, M.  \OT1/ppl/m/n/10.95 2013 so-cial me-dia mar-
ket-ing in-dus-try re-port.  $\OT1/cmtt/m/n/10.95 http : / / www .
 []


Underfull \hbox (badness 10000) in paragraph at lines 227--232
\OT1/cmtt/m/n/10.95 socialmediaexaminer . com / social-[]media-[]marketing-[]in
dustry-[]report-[]2013/$\OT1/ppl/m/n/10.95 ,
 []


Underfull \hbox (badness 10000) in paragraph at lines 239--244
[]\OT1/ppl/m/sc/10.95 Wadwha, T.  \OT1/ppl/m/n/10.95 Lessons from crowd-sourc-i
ng the boston bomb-ing in-
 []


Underfull \hbox (badness 10000) in paragraph at lines 239--244
\OT1/ppl/m/n/10.95 ves-ti-ga-tion.  $\OT1/cmtt/m/n/10.95 http : / / www . forbe
s . com / sites / tarunwadhwa / 2013 / 04 / 22 /
 []


Underfull \hbox (badness 10000) in paragraph at lines 239--244
\OT1/cmtt/m/n/10.95 lessons-[]from-[]crowdsourcing-[]the-[]boston-[]marathon-[]
bombings-[]investigation/$\OT1/ppl/m/n/10.95 ,
 []

[41]) [42]
\openout2 = `appendix.aux'.

 (./appendix.tex
Appendix A.

Overfull \hbox (18.8773pt too wide) in paragraph at lines 52--52
[]\OT1/cmtt/m/n/10.95 <xsd:element name="name" minOccurs="0" maxOccurs="unbound
ed" type="xsd:string"/>[] 
 []

[43


]) [44] (./proj_report_outline.aux (./acknowledge.aux) (./introduction.aux)
(./background.aux) (./project_management_approach.aux)
(./requirements_analysis.aux) (./scraper_implementation.aux)
(./policy_implementation.aux) (./scraper_evaluation.aux) (./conclusion.aux)
(./appendix.aux))

LaTeX Warning: There were undefined references.


LaTeX Warning: There were multiply-defined labels.

 ) 
Here is how much of TeX's memory you used:
 2211 strings out of 494071
 32720 string characters out of 3160406
 100618 words of memory out of 3000000
 5318 multiletter control sequences out of 15000+200000
 36575 words of font info for 90 fonts, out of 3000000 for 9000
 648 hyphenation exceptions out of 8191
 38i,13n,23p,1292b,325s stack positions out of 5000i,500n,10000p,200000b,50000s
{/usr/pkg/share/texmf-dist/fonts/enc/dvips/base/8r.enc}</usr/pkg/share/texmf-
dist/fonts/type1/public/amsfonts/cm/cmsy10.pfb></usr/pkg/share/texmf-dist/fonts
/type1/public/amsfonts/cm/cmtt10.pfb></usr/pkg/share/texmf-dist/fonts/type1/urw
/palatino/uplb8a.pfb></usr/pkg/share/texmf-dist/fonts/type1/urw/palatino/uplr8a
.pfb></usr/pkg/share/texmf-dist/fonts/type1/urw/palatino/uplri8a.pfb></usr/pkg/
share/texmf-dist/fonts/type1/vuw/vuw20.pfb>
Output written on proj_report_outline.pdf (52 pages, 1304680 bytes).
PDF statistics:
 323 PDF objects out of 1000 (max. 8388607)
 224 compressed objects within 3 object streams
 0 named destinations out of 1000 (max. 500000)
 56 words of extra memory for PDF output out of 10000 (max. 10000000)

